Fock matrix file: mol.fsv
GBW file        : mol.loc
Block  0 =    0 to   17
Block  1 =   88 to   92
Block  2 =   93 to  146


WARNING!!!!!!!
Your GBWFile is either corrupt or from a different ORCA version!
Please be VERY careful with your calculation results!!!

Data_size, sizeof( TOrcaInfo ): 776296, 776304
Successfully read the orbitals matrix of dimension  801
Successfully read the Fock matrix of dimension  801
Starting block diagonalization:

Local Fock Matrix
                  0          1          2          3          4          5    
      0      -2.634817  -1.315671  -0.631400  -0.174713   0.544785  -1.527912
      1      -1.315671 -14.799786  -1.255772  -0.448937   0.794560  -9.410407
      2      -0.631400  -1.255772  -2.724809   0.600048  -0.820164  -1.649883
      3      -0.174713  -0.448937   0.600048 -14.775966   0.522921  -1.246105
      4       0.544785   0.794560  -0.820164   0.522921 -12.074082   0.341614
      5      -1.527912  -9.410407  -1.649883  -1.246105   0.341614 -126.646576
      6      -0.240184   0.452505   0.514890   1.043963   1.050833   1.008067
      7      -0.606971  -0.909183  -0.629567  -1.723588  -0.071721  -1.557042
      8      -0.306200  -3.138659  -0.539188   0.761526   1.135645  -3.287273
      9      -0.211720  -1.012777  -0.218807   0.280234   0.385820  -0.502499
     10       1.132512   5.740174   1.158110   1.354685  -0.267818   9.905265
     11       0.776375   0.345590   0.827664   1.535067   0.974769   1.417212
     12      -1.002669  -3.443001  -2.367008   0.409785  -2.044905  -8.248078
     13       2.155748   1.873474   0.709754   0.189284  -1.409459   4.267591
     14       0.285961  -0.802378  -0.908681   2.104884  -3.084785   2.001998
     15       0.947782   2.188083  -0.087426  -1.826892   1.504407  -0.390884
     16       0.436674  -3.865702   0.462334   3.243805   2.964879   1.062566
     17       3.206956  18.593468   3.378381   2.632549   3.208145 -127.544040
                  6          7          8          9         10         11    
      0      -0.240184  -0.606971  -0.306200  -0.211720   1.132512   0.776375
      1       0.452505  -0.909183  -3.138659  -1.012777   5.740174   0.345590
      2       0.514890  -0.629567  -0.539188  -0.218807   1.158110   0.827664
      3       1.043963  -1.723588   0.761526   0.280234   1.354685   1.535067
      4       1.050833  -0.071721   1.135645   0.385820  -0.267818   0.974769
      5       1.008067  -1.557042  -3.287273  -0.502499   9.905265   1.417212
      6     -10.145777   0.684338  -0.037969  -0.115896  -1.010038  -0.658398
      7       0.684338  -2.729956  -0.356147  -0.215367   1.980007   0.996008
      8      -0.037969  -0.356147 -12.073576  -1.014865   3.035570  -1.255433
      9      -0.115896  -0.215367  -1.014865  -2.092942   0.963497  -0.514943
     10      -1.010038   1.980007   3.035570   0.963497 -16.017198  -0.822221
     11      -0.658398   0.996008  -1.255433  -0.514943  -0.822221 -11.579221
     12       1.284291  -1.270158  -0.676530   0.048511   4.180724   2.439976
     13       0.809351   0.414157  -0.393153  -0.362637  -1.130118  -2.205145
     14       2.478858   0.783165  -1.786663   0.022846  -4.078395  -0.974046
     15       2.544773  -0.705639  -1.874948   0.051822   2.394284  -0.625750
     16      -1.494462   0.482007  -6.089189  -0.702364   2.984014  -5.209377
     17      -2.597486   3.343517   6.353876   1.071907 -20.356396  -4.179061
                 12         13         14         15         16         17    
      0      -1.002669   2.155748   0.285961   0.947782   0.436674   3.206956
      1      -3.443001   1.873474  -0.802378   2.188083  -3.865702  18.593468
      2      -2.367008   0.709754  -0.908681  -0.087426   0.462334   3.378381
      3       0.409785   0.189284   2.104884  -1.826892   3.243805   2.632549
      4      -2.044905  -1.409459  -3.084785   1.504407   2.964879   3.208145
      5      -8.248078   4.267591   2.001998  -0.390884   1.062566 -127.544040
      6       1.284291   0.809351   2.478858   2.544773  -1.494462  -2.597486
      7      -1.270158   0.414157   0.783165  -0.705639   0.482007   3.343517
      8      -0.676530  -0.393153  -1.786663  -1.874948  -6.089189   6.353876
      9       0.048511  -0.362637   0.022846   0.051822  -0.702364   1.071907
     10       4.180724  -1.130118  -4.078395   2.394284   2.984014 -20.356396
     11       2.439976  -2.205145  -0.974046  -0.625750  -5.209377  -4.179061
     12     -15.335484   2.354111  -2.685092  -1.630488   3.794879  16.891272
     13       2.354111 -15.484182  -1.678711  -5.182251  -5.058431  -9.040374
     14      -2.685092  -1.678711 -95.133149   0.073444  -0.057751   8.341968
     15      -1.630488  -5.182251   0.073444 -94.943277   0.372224  -2.601595
     16       3.794879  -5.058431  -0.057751   0.372224 -93.725709   1.821719
     17      16.891272  -9.040374   8.341968  -2.601595   1.821719 -710.600763
Local Eigenvectors
                  0          1          2          3          4          5    
      0      -0.003993   0.026894  -0.003879  -0.008182  -0.008453  -0.115795
      1      -0.022918   0.150605   0.055474   0.003569  -0.024195  -0.447143
      2      -0.004230   0.028527  -0.005109   0.010534  -0.005069  -0.125690
      3      -0.003209   0.023572  -0.041267  -0.013592   0.030911  -0.120767
      4      -0.004468   0.002253  -0.036816   0.023393  -0.034742   0.014972
      5       0.202665   0.939134   0.030465   0.048649  -0.024555   0.265762
      6       0.003326  -0.018173   0.020289  -0.040341  -0.011341   0.099400
      7      -0.004162   0.028092  -0.005760  -0.003009   0.011276  -0.124915
      8      -0.007891   0.052070   0.076614   0.034625   0.013650  -0.207395
      9      -0.001352   0.009194   0.010356   0.000484   0.000625  -0.041151
     10       0.025094  -0.164485  -0.041921   0.019015  -0.050003   0.511548
     11       0.005349  -0.032086   0.064522   0.016066   0.005258   0.225781
     12      -0.020913   0.135798  -0.044602   0.040714  -0.003721  -0.451756
     13       0.011192  -0.074708   0.056239   0.050421   0.049681   0.297894
     14      -0.013274  -0.050495  -0.013555   0.865869  -0.489467  -0.016039
     15       0.004072  -0.002697  -0.073853   0.487235   0.865209   0.004185
     16      -0.003122  -0.035650   0.984762   0.043917   0.053950  -0.005489
     17       0.978173  -0.182748  -0.002422   0.000063  -0.004862  -0.097159
                  6          7          8          9         10         11    
      0       0.030989  -0.074311   0.079147   0.003074  -0.003932   0.018672
      1      -0.317077  -0.056322  -0.010518  -0.131224  -0.031550   0.172374
      2       0.039778   0.101537   0.038874   0.015046   0.004330  -0.040461
      3       0.247210  -0.526527  -0.692617  -0.180451  -0.162917  -0.247398
      4       0.278003   0.542999  -0.189122  -0.115865   0.042656   0.184521
      5       0.030735  -0.017478  -0.001048   0.029660   0.006135  -0.009143
      6      -0.094457  -0.138604   0.262656  -0.064965  -0.892403   0.180003
      7       0.043739  -0.030184  -0.104630   0.019673   0.003873  -0.006834
      8      -0.485579  -0.007655   0.033647   0.462408   0.015958  -0.527963
      9      -0.108315   0.003263  -0.005341   0.008261  -0.008492   0.005693
     10       0.251618  -0.056047   0.211104   0.066104  -0.033675  -0.509748
     11      -0.464597   0.018012   0.041337  -0.787930   0.143044  -0.210282
     12       0.287731   0.419924   0.109348  -0.249771  -0.273299  -0.504738
     13      -0.335551   0.451871  -0.577267   0.171122  -0.277858  -0.009298
     14      -0.003076  -0.060984  -0.007543  -0.000606  -0.017444   0.045148
     15       0.027256  -0.024365   0.063073  -0.011554  -0.003458   0.027486
     16       0.154438  -0.007576   0.005281  -0.007484   0.005798  -0.003323
     17      -0.008562   0.007872  -0.000795  -0.010886  -0.001965   0.005003
                 12         13         14         15         16         17    
      0      -0.007198   0.010576  -0.535201   0.118522   0.819623  -0.012117
      1      -0.752006  -0.216527   0.076428   0.039884  -0.024010  -0.032032
      2      -0.021124  -0.002793  -0.546312   0.152425  -0.382325   0.706828
      3      -0.050821   0.159675   0.033760  -0.032764   0.023415   0.113112
      4      -0.297593   0.667919   0.003775  -0.027064   0.049702  -0.039415
      5       0.006091   0.002149  -0.011052  -0.002736  -0.001203   0.001122
      6       0.009308   0.230938  -0.027203   0.023303  -0.052387  -0.006165
      7       0.053101   0.007694  -0.545039   0.170791  -0.403166  -0.691043
      8       0.017919   0.459021   0.054264   0.053002   0.016432  -0.010731
      9      -0.004244   0.005197  -0.258862  -0.958084  -0.032134  -0.012458
     10      -0.549185  -0.108296  -0.109675  -0.023162  -0.019063  -0.058216
     11       0.094323   0.145776  -0.081747   0.056493  -0.005586  -0.008106
     12       0.160759  -0.249263   0.119587  -0.049413   0.048536  -0.058168
     13      -0.003305  -0.348835  -0.084795   0.051382   0.095371   0.012803
     14       0.036951  -0.002479   0.001153   0.000429  -0.001956  -0.004518
     15      -0.042747   0.021348  -0.001327  -0.003059   0.003128  -0.000242
     16       0.002758  -0.000618  -0.000604  -0.006900  -0.000229   0.000312
     17      -0.002459   0.001564   0.004321   0.000801   0.000659  -0.000720
Local Eigenvalues (eV)
	  0     -20101.815520
	  1     -2916.421359
	  2     -2602.413367
	  3     -2602.398932
	  4     -2602.397255
	  5     -529.981607
	  6     -424.312590
	  7     -424.243632
	  8     -424.240961
	  9     -251.207934
	 10     -251.113844
	 11     -251.108271
	 12     -251.106140
	 13     -251.100956
	 14     -79.591371
	 15     -49.077701
	 16     -48.712655
	 17     -48.694931

Local Fock Matrix
                  0          1          2          3          4    
      0       0.015718   0.000786  -0.000332   0.001646  -0.001755
      1       0.000786   0.014615   0.002846  -0.000737   0.000421
      2      -0.000332   0.002846   0.110916   0.009396   0.011409
      3       0.001646  -0.000737   0.009396   0.111112   0.012721
      4      -0.001755   0.000421   0.011409   0.012721   0.116450
Local Eigenvectors
                  0          1          2          3          4    
      0      -0.464117   0.885326   0.027930  -0.000212  -0.003657
      1       0.885063   0.464359  -0.010822  -0.028194   0.011081
      2      -0.028150  -0.011552  -0.040810  -0.856228   0.514083
      3       0.018735  -0.012795   0.789956   0.286961   0.541394
      4      -0.010788   0.016473  -0.611070   0.428639   0.665187
Local Eigenvalues (eV)
	  0       0.383432
	  1       0.437515
	  2       2.744395
	  3       2.779613
	  4       3.690906

Local Fock Matrix
                  0          1          2          3          4          5    
      0       1.707423   0.115359   0.123687   0.087439  -0.022136   0.065755
      1       0.115359   1.677959   0.084341   0.551419   0.041476   0.060003
      2       0.123687   0.084341   1.612463  -0.004980   0.001500   0.054971
      3       0.087439   0.551419  -0.004980  13.249866   0.003140  -0.375438
      4      -0.022136   0.041476   0.001500   0.003140   0.713918   0.038499
      5       0.065755   0.060003   0.054971  -0.375438   0.038499   1.212498
      6      -0.035698  -0.033664   0.003456  -0.446606   0.032966  -0.013328
      7       0.105007  -0.061764  -0.028607  -0.423822  -0.053755   0.030989
      8       0.060075   0.020013   0.007170   0.267553   0.087105  -0.024755
      9      -1.689764  -1.245609  -0.551179 -28.381323  -0.249339   2.068627
     10      -0.015719  -0.022447   0.078189  -1.630656  -0.006857   0.307555
     11       0.013093   0.003503   0.039091   0.058137  -0.027267  -0.010037
     12      -0.060451  -0.071543  -0.005742  -0.198006  -0.003040   0.032731
     13       3.607562   2.772984   0.825236  61.869994   0.315414  -4.090669
     14      -1.198034  -2.031682  -0.333885 -34.393563  -0.134943   1.678945
     15      -0.226339  -0.249440  -0.157851  -3.349809  -0.085952   0.022209
     16      -0.010886   0.020291  -0.000430   0.265494   0.032262   0.017942
     17      -0.153785  -0.063671  -0.684279  -0.519602  -0.306993  -0.249401
     18      -0.016973  -0.036320   0.015855  -0.661531  -0.019914   0.261485
     19       1.630302   1.179033   0.298254  25.903530   0.172089  -1.694029
     20       0.013864  -0.046453   0.173932   0.164730  -0.036443  -0.032452
     21      -0.257918  -0.306210   0.311258  -0.132838  -0.262789  -0.611664
     22      -0.512235  -0.146081   0.031787  -4.895943  -0.102084   0.453022
     23       0.019563  -0.034666   0.002566  -0.075744   0.067891   0.018191
     24      -0.111371   0.513615  -0.144074   5.854483  -0.081149  -0.212064
     25       0.018242  -0.011967  -0.010042  -0.072607   0.129643  -0.011599
     26      -1.011819  -1.647430   0.049288 -31.187338   0.046993   2.158564
     27       0.099006   0.104847  -0.056125   2.796208   0.036004  -0.452260
     28      -0.108803  -0.093680  -0.166292  -0.203503  -0.156021  -0.228812
     29      -0.026014  -0.053582   0.018877  -0.389066  -0.049089   0.019598
     30      -0.018776   0.053067  -0.396785  -2.318795   0.083647   0.336349
     31      -0.004593  -0.018476   0.031896  -0.026171  -0.010787   0.021439
     32      -0.014710  -0.117425   0.120982  -0.618788  -0.048385  -0.016593
     33      -1.179773  -2.312445  -0.584199 -46.496327   0.177851   3.556730
     34      -0.494067   0.074108   0.151049  -1.966713   0.018072   0.258694
     35       0.126467   0.142557   0.061554   1.621355   0.257674  -0.067921
     36       0.528330  -0.543977   0.029130  -5.036130   0.066645  -0.053293
     37      -0.004645  -0.045977   0.019188  -0.145264  -0.003359  -0.006665
     38      -0.227976  -0.189130  -0.163604  -3.897172  -0.018788   0.237513
     39       0.022279   0.037837   0.019671  -0.069409  -0.020617  -0.049925
     40      -0.036358   0.015851   0.012675   0.206087   0.007440  -0.019225
     41       1.043232   0.733126   0.691942  25.187742  -0.219986  -2.625308
     42      -0.020514   0.407622   1.279501   4.907354   0.380882   0.264670
     43      -0.196983   0.057916   0.080941   0.170392  -0.135554   0.005994
     44      -0.052026   0.065335   0.001651   0.338282  -0.053322   0.004247
     45       0.086416  -0.228064   0.059147  -1.419612   0.005145   0.002248
     46      -0.154161  -0.246559   0.033049   0.824892  -0.445505  -0.016515
     47       0.197750  -0.834519  -0.285853  -9.594210   0.004480  -0.330415
     48      -0.033022  -0.013101  -0.046383  -0.961149   0.027972   0.034166
     49       0.611849   1.145258  -0.388442  15.327335   0.211875  -0.641790
     50      -0.010991   0.007201   0.027089  -0.010682   0.089217  -0.010917
     51       0.714319  -0.456278   0.488926  -1.445793   0.172814  -0.158481
     52       0.020043  -0.021952   0.024423   0.257041  -0.006361  -0.029733
     53       0.176294   0.205555   0.055987   1.993015   0.081005  -0.135770
                  6          7          8          9         10         11    
      0      -0.035698   0.105007   0.060075  -1.689764  -0.015719   0.013093
      1      -0.033664  -0.061764   0.020013  -1.245609  -0.022447   0.003503
      2       0.003456  -0.028607   0.007170  -0.551179   0.078189   0.039091
      3      -0.446606  -0.423822   0.267553 -28.381323  -1.630656   0.058137
      4       0.032966  -0.053755   0.087105  -0.249339  -0.006857  -0.027267
      5      -0.013328   0.030989  -0.024755   2.068627   0.307555  -0.010037
      6       2.715387  -0.873420  -0.042979   1.057159   0.038743  -0.198998
      7      -0.873420   7.216660  -0.017571   0.814170   0.066433   0.086396
      8      -0.042979  -0.017571   0.832339  -1.539617  -0.047017   0.055077
      9       1.057159   0.814170  -1.539617 832.355564   8.613258  -0.780231
     10       0.038743   0.066433  -0.047017   8.613258   3.311739  -0.011248
     11      -0.198998   0.086396   0.055077  -0.780231  -0.011248   1.134436
     12      -0.009684   0.021699  -0.073379   1.017902   0.105389  -0.009856
     13      -2.669644  -1.300498   2.669149 -1173.052617 -17.270399   1.365351
     14       0.578162   1.602074  -1.306736 783.160428   7.410896  -0.435280
     15       0.095839   0.149706  -0.253744  14.805274   0.402538  -0.075665
     16       0.292527  -0.164150  -0.001282  -0.285077   0.094529  -0.181045
     17      -0.780708   0.234326  -0.649490  13.608407  -1.563031  -0.203179
     18      -0.031902   0.057817  -0.027819   3.103931   0.379864   0.076718
     19      -1.334283  -0.393189   1.186930 -1044.963392  -7.161448   0.594573
     20      -0.126486  -0.087207   0.209890  -3.018964   0.277965   0.188599
     21       0.877928  -0.425198  -0.390415 -12.110934  -2.364986   0.015811
     22      -0.150266  -0.060368  -0.305402  35.319329   1.816308  -0.061904
     23       0.040201  -0.011044  -0.006616   0.448851   0.037676  -0.045320
     24      -0.066924  -0.455610  -0.014259 -13.471998  -1.111496  -0.083860
     25       0.008982  -0.028550  -0.052269  -0.660373  -0.010829  -0.002150
     26       0.753209   1.475755  -0.926056 171.054045   9.633570  -0.384145
     27      -0.049316  -0.092809   0.173041 -14.176575  -2.301095   0.063729
     28       0.038721  -0.027552  -0.305371   1.406479  -1.372090  -0.084945
     29      -0.235726  -0.069282  -0.013438   2.107401   0.160759   0.028280
     30      -0.239455   0.203493  -0.038546  16.135741   1.138872  -0.186651
     31       0.125183  -0.057000   0.018822   0.759533   0.048585  -0.197037
     32       0.357361   0.017713   0.036263   1.068001   0.046166  -0.097534
     33      -0.116515   2.858972  -1.337972 923.525550  15.413416  -0.678453
     34       0.394368  -0.332222  -0.051586  17.690225   1.045673  -0.028912
     35      -0.116362  -0.059645   0.611194  -8.399697  -0.423112   0.173744
     36      -1.208475   1.057251   0.021676  -6.403851   0.073556   0.223131
     37       0.098317   0.022451   0.039715   0.782874  -0.092198  -0.059110
     38       0.880222   0.131367  -0.380917  24.369768   1.001570  -0.393253
     39      -0.015436  -0.190529   0.033336  -2.090742  -0.214330   0.096252
     40       0.149984  -1.139216   0.006844  -0.308942   0.012586  -0.028651
     41       0.028827  -1.221322   0.626237 -652.589667 -10.902363   0.609462
     42       1.557947  -1.055182   1.055150 -315.966904   1.863507   0.363765
     43      -0.201377  -0.342613  -0.019285   2.386158  -0.243915   0.048224
     44      -0.100961   0.167710  -0.033995   0.007651  -0.019801   0.017638
     45       0.102185   0.280877  -0.042064   1.608468  -0.204413   0.063870
     46       0.310406   0.136742  -1.003006 -681.416967  -0.038527  -0.285758
     47      -0.717516   0.892164  -0.124650 -227.855570  -1.317483   0.147745
     48       0.330133  -0.324333   0.008716   2.109121   0.108479  -0.125201
     49      -1.025281  -0.506398   0.834302 -727.363537  -3.234305   0.161870
     50      -0.111591  -0.351629  -0.000703  -1.077109  -0.012645   0.049586
     51      -0.424513   0.718544   0.396518 -38.539397  -0.100135   0.356444
     52      -0.026034   0.624216  -0.042027  -0.076496  -0.037219  -0.075828
     53      -0.101247  -0.125578   0.265819 -10.145766  -0.726515   0.082117
                 12         13         14         15         16         17    
      0      -0.060451   3.607562  -1.198034  -0.226339  -0.010886  -0.153785
      1      -0.071543   2.772984  -2.031682  -0.249440   0.020291  -0.063671
      2      -0.005742   0.825236  -0.333885  -0.157851  -0.000430  -0.684279
      3      -0.198006  61.869994 -34.393563  -3.349809   0.265494  -0.519602
      4      -0.003040   0.315414  -0.134943  -0.085952   0.032262  -0.306993
      5       0.032731  -4.090669   1.678945   0.022209   0.017942  -0.249401
      6      -0.009684  -2.669644   0.578162   0.095839   0.292527  -0.780708
      7       0.021699  -1.300498   1.602074   0.149706  -0.164150   0.234326
      8      -0.073379   2.669149  -1.306736  -0.253744  -0.001282  -0.649490
      9       1.017902 -1173.052617 783.160428  14.805274  -0.285077  13.608407
     10       0.105389 -17.270399   7.410896   0.402538   0.094529  -1.563031
     11      -0.009856   1.365351  -0.435280  -0.075665  -0.181045  -0.203179
     12       1.411152  -1.806503   0.820814   0.151801   0.006499   0.126103
     13      -1.806503 3130.359930 -1747.173241 -27.569674   0.452087  -3.729237
     14       0.820814 -1747.173241 1297.906025  13.330965  -0.676046   0.046933
     15       0.151801 -27.569674  13.330965   4.470295  -0.160448   3.449206
     16       0.006499   0.452087  -0.676046  -0.160448   2.617880  -0.186660
     17       0.126103  -3.729237   0.046933   3.449206  -0.186660  28.480620
     18       0.210471  -6.134674   2.785907   0.155860  -0.016106  -0.259885
     19      -0.763178 1854.317961 -1396.537268 -11.870469   0.159324  -1.378279
     20      -0.069096   4.598032  -1.813122  -0.372884   0.163850  -1.728160
     21      -0.090854  20.825035  -3.822771   1.310566  -0.311271  -0.637669
     22       0.221686 -76.493398  31.883921   3.466919  -0.522158   0.396288
     23      -0.013665  -0.984638   0.408635   0.065843   0.023026  -0.129689
     24      -0.058881  27.141356 -17.499036  -1.530228   0.233094   1.939301
     25      -0.017002   1.272743   0.043037  -0.019871  -0.034776  -0.059178
     26       0.897171 -417.522389 321.271045  11.984416  -0.457519  -4.347747
     27      -0.205378  28.428577 -12.570271  -0.929358  -0.207429   1.218496
     28       0.014076  -1.218417   1.559440   1.403689  -0.147839   4.632239
     29       0.028366  -2.995625   1.736856   0.245338  -0.255139   1.510718
     30       0.096084 -27.704019  10.951420   1.308266  -0.249670   4.031929
     31       0.000827  -1.421784   0.445707   0.006490   0.082723   0.031696
     32       0.009485  -2.799517   2.000089   0.010072   0.221164  -1.520320
     33       1.449949 -1582.713505 1124.358327  17.869320  -0.746540   4.894878
     34       0.059312 -35.750489  11.401074   1.400482   0.208113  -1.752207
     35       0.053160  15.832548  -7.942119  -1.379394   0.041617  -2.642028
     36       0.022899  13.817095  13.222549   0.293632  -0.444827   0.112390
     37       0.009061  -1.158918   0.360900   0.041495  -0.013354   0.550226
     38       0.162258 -45.424431  20.195401   2.765944   0.706922   3.669004
     39      -0.024202   4.050686  -1.989826  -0.162511  -0.137195  -0.110111
     40      -0.002684   0.712529   0.654507   0.006638  -0.052190   0.143024
     41      -0.935225 1068.128064 -805.910871 -10.107924   0.055587  -3.917373
     42      -0.262521 632.457054 -391.125506  -5.820839   0.648683 -37.555982
     43       0.036741  -5.195324   1.069787   0.177356   0.147357  -0.321844
     44      -0.007989  -0.230037  -0.229626  -0.036645   0.019535  -0.291772
     45       0.051278  -3.698405   3.542470   0.292739  -0.025416  -0.473083
     46       0.396157 2475.237118 -1167.095221   5.815475  -0.338883  26.327084
     47      -0.102461 -492.378935 172.743973   1.031889  -0.495144  -3.165803
     48      -0.001595  -3.889498   0.971059   0.150031   0.216081   0.273558
     49      -0.447418 1023.650690 -702.150547  -7.465970   0.424254   0.866136
     50      -0.007657   1.718542   1.200538  -0.017774  -0.105469  -0.660720
     51      -0.115406  46.310882 -53.518921  -2.237247  -0.233020 -11.066745
     52       0.005148  -0.340953   1.247155   0.050132   0.139887  -0.866624
     53      -0.068046  20.146869  -9.960210  -1.457525   0.009390  -1.659402
                 18         19         20         21         22         23    
      0      -0.016973   1.630302   0.013864  -0.257918  -0.512235   0.019563
      1      -0.036320   1.179033  -0.046453  -0.306210  -0.146081  -0.034666
      2       0.015855   0.298254   0.173932   0.311258   0.031787   0.002566
      3      -0.661531  25.903530   0.164730  -0.132838  -4.895943  -0.075744
      4      -0.019914   0.172089  -0.036443  -0.262789  -0.102084   0.067891
      5       0.261485  -1.694029  -0.032452  -0.611664   0.453022   0.018191
      6      -0.031902  -1.334283  -0.126486   0.877928  -0.150266   0.040201
      7       0.057817  -0.393189  -0.087207  -0.425198  -0.060368  -0.011044
      8      -0.027819   1.186930   0.209890  -0.390415  -0.305402  -0.006616
      9       3.103931 -1044.963392  -3.018964 -12.110934  35.319329   0.448851
     10       0.379864  -7.161448   0.277965  -2.364986   1.816308   0.037676
     11       0.076718   0.594573   0.188599   0.015811  -0.061904  -0.045320
     12       0.210471  -0.763178  -0.069096  -0.090854   0.221686  -0.013665
     13      -6.134674 1854.317961   4.598032  20.825035 -76.493398  -0.984638
     14       2.785907 -1396.537268  -1.813122  -3.822771  31.883921   0.408635
     15       0.155860 -11.870469  -0.372884   1.310566   3.466919   0.065843
     16      -0.016106   0.159324   0.163850  -0.311271  -0.522158   0.023026
     17      -0.259885  -1.378279  -1.728160  -0.637669   0.396288  -0.129689
     18       0.739541  -2.567380  -0.044374  -0.558551   0.734010   0.064206
     19      -2.567380 1908.006747   1.749442   5.790251 -32.977383  -0.456215
     20      -0.044374   1.749442   2.805903   1.565852  -0.201331  -0.108460
     21      -0.558551   5.790251   1.565852  29.396101  -0.090542   0.183436
     22       0.734010 -32.977383  -0.201331  -0.090542  14.238309   0.129286
     23       0.064206  -0.456215  -0.108460   0.183436   0.129286   0.790072
     24      -0.472699  11.244442  -0.236444  -0.091845  -2.605310  -0.076932
     25      -0.022268   0.576494   0.053214   0.169547  -0.220566  -0.058908
     26       3.286771 -273.524449  -1.406240 -11.961372  30.382182   0.438552
     27      -0.471143  11.894325  -0.426620   2.048190  -3.132452  -0.018597
     28      -0.245985  -0.828216  -0.113905   3.359410   0.145773  -0.004199
     29       0.035248  -1.013936  -0.232556  -1.523518   0.390770  -0.192983
     30       0.402513 -10.965858  -1.484080  -7.186096   2.790041  -0.068505
     31      -0.052488  -0.570613  -0.229061  -0.397518   0.106437  -0.144087
     32       0.042513  -1.246975   0.520273   0.796419   0.381973  -0.126076
     33       5.145808 -1408.658622  -4.493039 -37.829883  43.213256   0.414510
     34       0.410887 -15.862321   0.224034   0.483959   6.304243   0.119813
     35      -0.176260   6.939510  -0.148184  -1.632257  -1.735288  -0.007550
     36       0.105568   7.762189  -0.040470  -0.172622  -4.296650  -0.090087
     37       0.024418  -0.411024   0.413107  -0.826433   0.139234  -0.059442
     38       0.370236 -19.284578  -1.010300  -0.159852   4.612518   0.128254
     39      -0.065939   1.690329  -0.102496   0.498044  -0.544851   0.005692
     40       0.005097   0.407270  -0.005381  -0.126167   0.163752   0.050383
     41      -3.426027 993.449003   4.052910  40.658276 -30.763092  -0.191009
     42       0.181116 448.863541   3.602296   6.944077  -0.262177   0.239214
     43       0.138177  -2.494661   0.242798   0.808114   1.278417   0.036431
     44      -0.016666  -0.152728   0.050082   0.147106   0.274021  -0.019432
     45       0.144646  -1.577206   0.210002   0.720036   0.035374  -0.029206
     46       0.319113 1409.305808  -0.497175  15.720507  -1.763591   0.155130
     47      -0.230214  41.791443  -0.124938   2.965090   1.864747  -0.083901
     48       0.011352  -1.665527  -0.057264  -0.492056  -0.230640   0.025391
     49      -1.340720 1062.431896  -0.660137 -15.207085 -13.431147  -0.378268
     50       0.009309   0.830422   0.097714   0.510812   0.014679  -0.002277
     51      -0.081532  13.406009   1.410474   4.251168  -7.388603  -0.031008
     52       0.014330  -0.174400  -0.236454   0.842161   0.103597  -0.016797
     53      -0.249961   8.703044   0.369258  -0.752861  -2.027844  -0.059136
                 24         25         26         27         28         29    
      0      -0.111371   0.018242  -1.011819   0.099006  -0.108803  -0.026014
      1       0.513615  -0.011967  -1.647430   0.104847  -0.093680  -0.053582
      2      -0.144074  -0.010042   0.049288  -0.056125  -0.166292   0.018877
      3       5.854483  -0.072607 -31.187338   2.796208  -0.203503  -0.389066
      4      -0.081149   0.129643   0.046993   0.036004  -0.156021  -0.049089
      5      -0.212064  -0.011599   2.158564  -0.452260  -0.228812   0.019598
      6      -0.066924   0.008982   0.753209  -0.049316   0.038721  -0.235726
      7      -0.455610  -0.028550   1.475755  -0.092809  -0.027552  -0.069282
      8      -0.014259  -0.052269  -0.926056   0.173041  -0.305371  -0.013438
      9     -13.471998  -0.660373 171.054045 -14.176575   1.406479   2.107401
     10      -1.111496  -0.010829   9.633570  -2.301095  -1.372090   0.160759
     11      -0.083860  -0.002150  -0.384145   0.063729  -0.084945   0.028280
     12      -0.058881  -0.017002   0.897171  -0.205378   0.014076   0.028366
     13      27.141356   1.272743 -417.522389  28.428577  -1.218417  -2.995625
     14     -17.499036   0.043037 321.271045 -12.570271   1.559440   1.736856
     15      -1.530228  -0.019871  11.984416  -0.929358   1.403689   0.245338
     16       0.233094  -0.034776  -0.457519  -0.207429  -0.147839  -0.255139
     17       1.939301  -0.059178  -4.347747   1.218496   4.632239   1.510718
     18      -0.472699  -0.022268   3.286771  -0.471143  -0.245985   0.035248
     19      11.244442   0.576494 -273.524449  11.894325  -0.828216  -1.013936
     20      -0.236444   0.053214  -1.406240  -0.426620  -0.113905  -0.232556
     21      -0.091845   0.169547 -11.961372   2.048190   3.359410  -1.523518
     22      -2.605310  -0.220566  30.382182  -3.132452   0.145773   0.390770
     23      -0.076932  -0.058908   0.438552  -0.018597  -0.004199  -0.192983
     24       7.244867  -0.201963 -18.642432   0.995634   0.682211  -0.099493
     25      -0.201963   0.829601  -0.108958   0.011415   0.029264   0.032704
     26     -18.642432  -0.108958 337.513766 -14.813254  -2.261812   1.605818
     27       0.995634   0.011415 -14.813254   8.508212   0.468482  -0.414676
     28       0.682211   0.029264  -2.261812   0.468482   4.909142   0.107010
     29      -0.099493   0.032704   1.605818  -0.414676   0.107010   2.671352
     30      -0.634475  -0.111092  12.515207  -0.904508  -0.389091   0.973003
     31      -0.005743  -0.018468   0.590167  -0.055452  -0.070422   0.126352
     32      -0.593012   0.034399   2.684363  -0.190486  -0.172845   0.445558
     33     -27.082698  -0.181513 386.574310 -22.578461  -3.979689   4.450692
     34      -0.603082  -0.292636  14.391950  -1.049815  -0.557628  -0.398130
     35       0.501168  -0.032897  -6.084371   1.151815  -1.496256  -0.159357
     36      -4.933031   0.588958   9.240737  -0.058000   0.031656   0.783290
     37      -0.063819   0.053919   0.509622  -0.022661  -0.107091   0.213476
     38      -1.904809  -0.044786  20.425479  -1.809757   0.908158  -0.169587
     39       0.495554  -0.054527  -2.201050   0.367927   0.105228   0.042428
     40      -0.077158  -0.076621   0.422923  -0.022825   0.018107   0.116750
     41      12.268065   0.702780 -231.631137  15.227372   4.336645  -3.323082
     42      -0.172208  -0.154164  95.759355  -1.184820  -6.967385  -2.928869
     43       0.283985  -0.182233   1.296524   0.198883  -0.054483  -0.158047
     44       0.168276  -0.011795  -0.080760   0.023937  -0.062451  -0.082200
     45      -1.248453   0.133430   3.241460   0.196913  -0.123724  -0.025433
     46      -3.663447   0.049881 258.644847  -1.136559   4.078709   0.352750
     47      -3.158093   0.531323 -16.863336   0.952226   2.287407   0.532755
     48       0.199852  -0.116784   1.219210  -0.079559  -0.024458  -0.116550
     49      10.905867  -0.156517  27.720354   6.136823  -1.409574   0.347327
     50      -0.805497   0.288802   0.929058   0.120618  -0.066674   0.026052
     51      -4.531249   0.633812 -24.949555   0.670969  -1.860074  -0.387867
     52      -0.368243   0.066533   1.125255   0.040930   0.004122  -0.116650
     53       1.032254   0.034668  -8.664406   1.380004  -0.985206  -0.152692
                 30         31         32         33         34         35    
      0      -0.018776  -0.004593  -0.014710  -1.179773  -0.494067   0.126467
      1       0.053067  -0.018476  -0.117425  -2.312445   0.074108   0.142557
      2      -0.396785   0.031896   0.120982  -0.584199   0.151049   0.061554
      3      -2.318795  -0.026171  -0.618788 -46.496327  -1.966713   1.621355
      4       0.083647  -0.010787  -0.048385   0.177851   0.018072   0.257674
      5       0.336349   0.021439  -0.016593   3.556730   0.258694  -0.067921
      6      -0.239455   0.125183   0.357361  -0.116515   0.394368  -0.116362
      7       0.203493  -0.057000   0.017713   2.858972  -0.332222  -0.059645
      8      -0.038546   0.018822   0.036263  -1.337972  -0.051586   0.611194
      9      16.135741   0.759533   1.068001 923.525550  17.690225  -8.399697
     10       1.138872   0.048585   0.046166  15.413416   1.045673  -0.423112
     11      -0.186651  -0.197037  -0.097534  -0.678453  -0.028912   0.173744
     12       0.096084   0.000827   0.009485   1.449949   0.059312   0.053160
     13     -27.704019  -1.421784  -2.799517 -1582.713505 -35.750489  15.832548
     14      10.951420   0.445707   2.000089 1124.358327  11.401074  -7.942119
     15       1.308266   0.006490   0.010072  17.869320   1.400482  -1.379394
     16      -0.249670   0.082723   0.221164  -0.746540   0.208113   0.041617
     17       4.031929   0.031696  -1.520320   4.894878  -1.752207  -2.642028
     18       0.402513  -0.052488   0.042513   5.145808   0.410887  -0.176260
     19     -10.965858  -0.570613  -1.246975 -1408.658622 -15.862321   6.939510
     20      -1.484080  -0.229061   0.520273  -4.493039   0.224034  -0.148184
     21      -7.186096  -0.397518   0.796419 -37.829883   0.483959  -1.632257
     22       2.790041   0.106437   0.381973  43.213256   6.304243  -1.735288
     23      -0.068505  -0.144087  -0.126076   0.414510   0.119813  -0.007550
     24      -0.634475  -0.005743  -0.593012 -27.082698  -0.603082   0.501168
     25      -0.111092  -0.018468   0.034399  -0.181513  -0.292636  -0.032897
     26      12.515207   0.590167   2.684363 386.574310  14.391950  -6.084371
     27      -0.904508  -0.055452  -0.190486 -22.578461  -1.049815   1.151815
     28      -0.389091  -0.070422  -0.172845  -3.979689  -0.557628  -1.496256
     29       0.973003   0.126352   0.445558   4.450692  -0.398130  -0.159357
     30       7.429006   0.268962  -0.557566  26.150185   0.661784  -0.349340
     31       0.268962   0.883641   0.147716   1.210307   0.097640   0.028130
     32      -0.557566   0.147716   7.287397   2.555379   0.340580  -0.075569
     33      26.150185   1.210307   2.555379 1698.463990  18.216476  -8.754532
     34       0.661784   0.097640   0.340580  18.216476   7.425004  -0.564154
     35      -0.349340   0.028130  -0.075569  -8.754532  -0.564154   3.387821
     36      -0.058357  -0.110982   0.553859  18.156051  -4.879507  -0.102592
     37       0.142741   0.070928   1.440269   1.497002   0.068071  -0.018291
     38       3.214094   0.260583   0.142785  31.131684   2.179733  -1.568270
     39      -0.082257  -0.068424  -0.257766  -3.569023  -0.110584   0.110612
     40       0.067086   0.026176   0.038535   1.004867  -0.134945   0.003091
     41     -21.236791  -1.119438  -0.388178 -1006.678231 -14.585012   4.419843
     42      -8.359990  -0.137411   2.417899 -390.160434   4.941201   4.368072
     43      -0.363680  -0.066825   0.161518   0.563638   1.178191   0.066003
     44      -0.089658   0.042038   0.101554  -0.462654   0.297044   0.081231
     45      -0.326201  -0.148694   0.307907   4.203413  -0.234724   0.078074
     46       1.796116  -0.108780   0.563284 -692.046519   3.424856  -3.684780
     47      -1.376842  -0.166528  -0.041964 -333.974386  -5.530941  -1.268084
     48       0.349144   0.041214   0.005672   2.063295   0.525528  -0.042227
     49      -0.881118   0.041895  -2.362673 -962.172330  -7.796452   4.495091
     50      -0.328670  -0.040843  -0.027414   1.054576  -0.505521   0.045998
     51      -4.172568  -0.252952   1.323418   5.327079  -4.788377   1.595931
     52      -0.197060   0.088595   0.560040   0.909256  -0.100409  -0.070954
     53      -0.611277  -0.024687  -0.169394 -12.900830  -0.951964   1.432460
                 36         37         38         39         40         41    
      0       0.528330  -0.004645  -0.227976   0.022279  -0.036358   1.043232
      1      -0.543977  -0.045977  -0.189130   0.037837   0.015851   0.733126
      2       0.029130   0.019188  -0.163604   0.019671   0.012675   0.691942
      3      -5.036130  -0.145264  -3.897172  -0.069409   0.206087  25.187742
      4       0.066645  -0.003359  -0.018788  -0.020617   0.007440  -0.219986
      5      -0.053293  -0.006665   0.237513  -0.049925  -0.019225  -2.625308
      6      -1.208475   0.098317   0.880222  -0.015436   0.149984   0.028827
      7       1.057251   0.022451   0.131367  -0.190529  -1.139216  -1.221322
      8       0.021676   0.039715  -0.380917   0.033336   0.006844   0.626237
      9      -6.403851   0.782874  24.369768  -2.090742  -0.308942 -652.589667
     10       0.073556  -0.092198   1.001570  -0.214330   0.012586 -10.902363
     11       0.223131  -0.059110  -0.393253   0.096252  -0.028651   0.609462
     12       0.022899   0.009061   0.162258  -0.024202  -0.002684  -0.935225
     13      13.817095  -1.158918 -45.424431   4.050686   0.712529 1068.128064
     14      13.222549   0.360900  20.195401  -1.989826   0.654507 -805.910871
     15       0.293632   0.041495   2.765944  -0.162511   0.006638 -10.107924
     16      -0.444827  -0.013354   0.706922  -0.137195  -0.052190   0.055587
     17       0.112390   0.550226   3.669004  -0.110111   0.143024  -3.917373
     18       0.105568   0.024418   0.370236  -0.065939   0.005097  -3.426027
     19       7.762189  -0.411024 -19.284578   1.690329   0.407270 993.449003
     20      -0.040470   0.413107  -1.010300  -0.102496  -0.005381   4.052910
     21      -0.172622  -0.826433  -0.159852   0.498044  -0.126167  40.658276
     22      -4.296650   0.139234   4.612518  -0.544851   0.163752 -30.763092
     23      -0.090087  -0.059442   0.128254   0.005692   0.050383  -0.191009
     24      -4.933031  -0.063819  -1.904809   0.495554  -0.077158  12.268065
     25       0.588958   0.053919  -0.044786  -0.054527  -0.076621   0.702780
     26       9.240737   0.509622  20.425479  -2.201050   0.422923 -231.631137
     27      -0.058000  -0.022661  -1.809757   0.367927  -0.022825  15.227372
     28       0.031656  -0.107091   0.908158   0.105228   0.018107   4.336645
     29       0.783290   0.213476  -0.169587   0.042428   0.116750  -3.323082
     30      -0.058357   0.142741   3.214094  -0.082257   0.067086 -21.236791
     31      -0.110982   0.070928   0.260583  -0.068424   0.026176  -1.119438
     32       0.553859   1.440269   0.142785  -0.257766   0.038535  -0.388178
     33      18.156051   1.497002  31.131684  -3.569023   1.004867 -1006.678231
     34      -4.879507   0.068071   2.179733  -0.110584  -0.134945 -14.585012
     35      -0.102592  -0.018291  -1.568270   0.110612   0.003091   4.419843
     36      25.171833  -0.076034  -0.346805  -0.215747   1.484052   4.046123
     37      -0.076034   2.554669  -0.232104  -0.012148   0.005555  -1.410406
     38      -0.346805  -0.232104  10.256717  -0.939079  -0.015433 -19.816544
     39      -0.215747  -0.012148  -0.939079   2.582213  -0.078427   2.224264
     40       1.484052   0.005555  -0.015433  -0.078427   2.446602   0.088853
     41       4.046123  -1.410406 -19.816544   2.224264   0.088853 795.969011
     42      -9.803064  -0.662105  -6.951232   0.251756  -0.706133 278.069304
     43      -1.285298   0.141283   0.019232   0.058473   0.385362  -0.935309
     44      -0.216260   0.059187   0.058541  -0.135196   0.000024   0.114246
     45       1.304759   0.185415   0.050705  -0.223383  -0.356520  -0.699640
     46       1.051875  -0.005731   7.591113  -0.379480   0.048365 471.242672
     47      16.824911  -0.156395  -0.158825  -0.027722   0.887926 137.493922
     48      -0.890758   0.015046   0.465990   0.206648  -0.161875  -2.159963
     49      -6.797674   0.284168 -10.646734   0.935033  -0.243885 543.290039
     50       2.147482  -0.064040  -0.004762  -0.222016   0.255929   1.225130
     51      17.507507  -0.302370  -3.991812  -0.035334   0.835934 100.268790
     52       1.201282   0.159503   1.016051  -0.316503  -0.067114   0.753218
     53      -0.255492  -0.059184  -1.611359   0.187841  -0.007888   7.407321
                 42         43         44         45         46         47    
      0      -0.020514  -0.196983  -0.052026   0.086416  -0.154161   0.197750
      1       0.407622   0.057916   0.065335  -0.228064  -0.246559  -0.834519
      2       1.279501   0.080941   0.001651   0.059147   0.033049  -0.285853
      3       4.907354   0.170392   0.338282  -1.419612   0.824892  -9.594210
      4       0.380882  -0.135554  -0.053322   0.005145  -0.445505   0.004480
      5       0.264670   0.005994   0.004247   0.002248  -0.016515  -0.330415
      6       1.557947  -0.201377  -0.100961   0.102185   0.310406  -0.717516
      7      -1.055182  -0.342613   0.167710   0.280877   0.136742   0.892164
      8       1.055150  -0.019285  -0.033995  -0.042064  -1.003006  -0.124650
      9     -315.966904   2.386158   0.007651   1.608468 -681.416967 -227.855570
     10       1.863507  -0.243915  -0.019801  -0.204413  -0.038527  -1.317483
     11       0.363765   0.048224   0.017638   0.063870  -0.285758   0.147745
     12      -0.262521   0.036741  -0.007989   0.051278   0.396157  -0.102461
     13     632.457054  -5.195324  -0.230037  -3.698405 2475.237118 -492.378935
     14     -391.125506   1.069787  -0.229626   3.542470 -1167.095221 172.743973
     15      -5.820839   0.177356  -0.036645   0.292739   5.815475   1.031889
     16       0.648683   0.147357   0.019535  -0.025416  -0.338883  -0.495144
     17     -37.555982  -0.321844  -0.291772  -0.473083  26.327084  -3.165803
     18       0.181116   0.138177  -0.016666   0.144646   0.319113  -0.230214
     19     448.863541  -2.494661  -0.152728  -1.577206 1409.305808  41.791443
     20       3.602296   0.242798   0.050082   0.210002  -0.497175  -0.124938
     21       6.944077   0.808114   0.147106   0.720036  15.720507   2.965090
     22      -0.262177   1.278417   0.274021   0.035374  -1.763591   1.864747
     23       0.239214   0.036431  -0.019432  -0.029206   0.155130  -0.083901
     24      -0.172208   0.283985   0.168276  -1.248453  -3.663447  -3.158093
     25      -0.154164  -0.182233  -0.011795   0.133430   0.049881   0.531323
     26      95.759355   1.296524  -0.080760   3.241460 258.644847 -16.863336
     27      -1.184820   0.198883   0.023937   0.196913  -1.136559   0.952226
     28      -6.967385  -0.054483  -0.062451  -0.123724   4.078709   2.287407
     29      -2.928869  -0.158047  -0.082200  -0.025433   0.352750   0.532755
     30      -8.359990  -0.363680  -0.089658  -0.326201   1.796116  -1.376842
     31      -0.137411  -0.066825   0.042038  -0.148694  -0.108780  -0.166528
     32       2.417899   0.161518   0.101554   0.307907   0.563284  -0.041964
     33     -390.160434   0.563638  -0.462654   4.203413 -692.046519 -333.974386
     34       4.941201   1.178191   0.297044  -0.234724   3.424856  -5.530941
     35       4.368072   0.066003   0.081231   0.078074  -3.684780  -1.268084
     36      -9.803064  -1.285298  -0.216260   1.304759   1.051875  16.824911
     37      -0.662105   0.141283   0.059187   0.185415  -0.005731  -0.156395
     38      -6.951232   0.019232   0.058541   0.050705   7.591113  -0.158825
     39       0.251756   0.058473  -0.135196  -0.223383  -0.379480  -0.027722
     40      -0.706133   0.385362   0.000024  -0.356520   0.048365   0.887926
     41     278.069304  -0.935309   0.114246  -0.699640 471.242672 137.493922
     42     482.569551   1.517149   0.661714   0.128123 745.745954 -41.014325
     43       1.517149   2.674266   0.289886  -0.196286   0.613833  -1.301569
     44       0.661714   0.289886   1.319095  -0.248052  -0.120696  -0.340240
     45       0.128123  -0.196286  -0.248052   2.721896   0.795213   1.426262
     46     745.745954   0.613833  -0.120696   0.795213 4202.281734 -1089.888705
     47     -41.014325  -1.301569  -0.340240   1.426262 -1089.888705 1068.822676
     48      -0.203664   0.177719  -0.182183  -0.143061   0.208766  -0.722168
     49     500.887496  -1.258409  -0.032627  -2.599531 966.782477 376.658573
     50       0.185193  -0.088472  -0.047443   0.220115   0.035027   1.601601
     51     -29.412752  -1.244865  -0.173459   1.701866 -89.353503 -28.579993
     52       0.750879  -0.074187   0.226968  -0.198522   0.328698   0.759824
     53       3.080490  -0.403609   0.021218  -0.487981  -2.472689  -1.295947
                 48         49         50         51         52         53    
      0      -0.033022   0.611849  -0.010991   0.714319   0.020043   0.176294
      1      -0.013101   1.145258   0.007201  -0.456278  -0.021952   0.205555
      2      -0.046383  -0.388442   0.027089   0.488926   0.024423   0.055987
      3      -0.961149  15.327335  -0.010682  -1.445793   0.257041   1.993015
      4       0.027972   0.211875   0.089217   0.172814  -0.006361   0.081005
      5       0.034166  -0.641790  -0.010917  -0.158481  -0.029733  -0.135770
      6       0.330133  -1.025281  -0.111591  -0.424513  -0.026034  -0.101247
      7      -0.324333  -0.506398  -0.351629   0.718544   0.624216  -0.125578
      8       0.008716   0.834302  -0.000703   0.396518  -0.042027   0.265819
      9       2.109121 -727.363537  -1.077109 -38.539397  -0.076496 -10.145766
     10       0.108479  -3.234305  -0.012645  -0.100135  -0.037219  -0.726515
     11      -0.125201   0.161870   0.049586   0.356444  -0.075828   0.082117
     12      -0.001595  -0.447418  -0.007657  -0.115406   0.005148  -0.068046
     13      -3.889498 1023.650690   1.718542  46.310882  -0.340953  20.146869
     14       0.971059 -702.150547   1.200538 -53.518921   1.247155  -9.960210
     15       0.150031  -7.465970  -0.017774  -2.237247   0.050132  -1.457525
     16       0.216081   0.424254  -0.105469  -0.233020   0.139887   0.009390
     17       0.273558   0.866136  -0.660720 -11.066745  -0.866624  -1.659402
     18       0.011352  -1.340720   0.009309  -0.081532   0.014330  -0.249961
     19      -1.665527 1062.431896   0.830422  13.406009  -0.174400   8.703044
     20      -0.057264  -0.660137   0.097714   1.410474  -0.236454   0.369258
     21      -0.492056 -15.207085   0.510812   4.251168   0.842161  -0.752861
     22      -0.230640 -13.431147   0.014679  -7.388603   0.103597  -2.027844
     23       0.025391  -0.378268  -0.002277  -0.031008  -0.016797  -0.059136
     24       0.199852  10.905867  -0.805497  -4.531249  -0.368243   1.032254
     25      -0.116784  -0.156517   0.288802   0.633812   0.066533   0.034668
     26       1.219210  27.720354   0.929058 -24.949555   1.125255  -8.664406
     27      -0.079559   6.136823   0.120618   0.670969   0.040930   1.380004
     28      -0.024458  -1.409574  -0.066674  -1.860074   0.004122  -0.985206
     29      -0.116550   0.347327   0.026052  -0.387867  -0.116650  -0.152692
     30       0.349144  -0.881118  -0.328670  -4.172568  -0.197060  -0.611277
     31       0.041214   0.041895  -0.040843  -0.252952   0.088595  -0.024687
     32       0.005672  -2.362673  -0.027414   1.323418   0.560040  -0.169394
     33       2.063295 -962.172330   1.054576   5.327079   0.909256 -12.900830
     34       0.525528  -7.796452  -0.505521  -4.788377  -0.100409  -0.951964
     35      -0.042227   4.495091   0.045998   1.595931  -0.070954   1.432460
     36      -0.890758  -6.797674   2.147482  17.507507   1.201282  -0.255492
     37       0.015046   0.284168  -0.064040  -0.302370   0.159503  -0.059184
     38       0.465990 -10.646734  -0.004762  -3.991812   1.016051  -1.611359
     39       0.206648   0.935033  -0.222016  -0.035334  -0.316503   0.187841
     40      -0.161875  -0.243885   0.255929   0.835934  -0.067114  -0.007888
     41      -2.159963 543.290039   1.225130 100.268790   0.753218   7.407321
     42      -0.203664 500.887496   0.185193 -29.412752   0.750879   3.080490
     43       0.177719  -1.258409  -0.088472  -1.244865  -0.074187  -0.403609
     44      -0.182183  -0.032627  -0.047443  -0.173459   0.226968   0.021218
     45      -0.143061  -2.599531   0.220115   1.701866  -0.198522  -0.487981
     46       0.208766 966.782477   0.035027 -89.353503   0.328698  -2.472689
     47      -0.722168 376.658573   1.601601 -28.579993   0.759824  -1.295947
     48       2.810976  -0.190944  -0.419056  -1.003998  -0.226498  -0.076295
     49      -0.190944 1194.093018  -1.143752 -176.229385  -1.378320   5.030349
     50      -0.419056  -1.143752   2.679539   2.096770   0.241241   0.009735
     51      -1.003998 -176.229385   2.096770 224.718514   1.245648   1.275052
     52      -0.226498  -1.378320   0.241241   1.245648   2.706817  -0.079181
     53      -0.076295   5.030349   0.009735   1.275052  -0.079181   3.686417
Local Eigenvectors
                  0          1          2          3          4          5    
      0      -0.027145   0.032464  -0.010091   0.008109  -0.046155   0.004358
      1       0.009277  -0.043872  -0.026732  -0.014590   0.043123  -0.001924
      2      -0.002609  -0.002473   0.045868   0.014153  -0.004525   0.045943
      3      -0.004645   0.001828  -0.000518   0.003062  -0.004868  -0.001895
      4      -0.287108   0.623554  -0.222879  -0.403862  -0.420105   0.296476
      5       0.233477   0.093617  -0.002477   0.091024   0.001481  -0.097825
      6      -0.003593   0.009781   0.002381   0.006685   0.007218   0.014368
      7       0.001433  -0.003162   0.002147  -0.000172  -0.017416  -0.004952
      8       0.246991  -0.085271   0.558941  -0.672748   0.174454  -0.015902
      9      -0.000070  -0.000102  -0.000174   0.000480   0.000048   0.000047
     10       0.034032   0.059599   0.015306  -0.048270  -0.020976  -0.035262
     11       0.118183   0.008828  -0.227003  -0.170966  -0.099269  -0.369253
     12       0.187016   0.066951   0.004176  -0.040089  -0.011684   0.016584
     13       0.000089   0.000243  -0.000111  -0.000359   0.000148  -0.000022
     14      -0.000152   0.000314  -0.000035  -0.000745   0.000204   0.000084
     15      -0.032816  -0.014730  -0.006100   0.011868  -0.002031  -0.010473
     16       0.005540  -0.006681   0.019514   0.005461  -0.002945  -0.019102
     17      -0.003446  -0.001338  -0.002812  -0.003486   0.000077   0.003991
     18      -0.793117  -0.404983   0.128135  -0.182687   0.067944   0.038530
     19       0.000075   0.000113  -0.000124   0.000299   0.000082   0.000098
     20      -0.053342  -0.060163  -0.158840   0.087397   0.019734   0.059025
     21      -0.003270   0.000175   0.002421  -0.000718   0.001499  -0.006746
     22       0.000501   0.002779  -0.000828  -0.001363  -0.004983  -0.002812
     23       0.255940  -0.353485  -0.474976  -0.222067   0.237634   0.645571
     24      -0.017985  -0.017337  -0.001916  -0.030622  -0.001027   0.002668
     25       0.183099  -0.470483   0.145637   0.018360  -0.823549   0.107755
     26       0.000315  -0.000027  -0.000211   0.001372   0.000008  -0.000168
     27      -0.008315  -0.003040  -0.000080  -0.002869  -0.001423   0.001537
     28      -0.016346   0.004147   0.001187  -0.011830  -0.002783  -0.018787
     29       0.005604  -0.002024  -0.021444  -0.001359   0.027298   0.122937
     30       0.027242  -0.005683  -0.024100   0.031115  -0.001285   0.014773
     31      -0.011660  -0.230471  -0.528155  -0.385324  -0.024489  -0.534151
     32       0.001975   0.000053  -0.002897  -0.000250  -0.006620   0.012976
     33      -0.000094   0.000031  -0.000136  -0.000077   0.000106   0.000087
     34       0.022160  -0.005284   0.010603   0.029082  -0.009232   0.003897
     35      -0.095684  -0.083236  -0.091474   0.258427  -0.002022   0.003861
     36      -0.000944   0.003797  -0.003167   0.001735   0.005111   0.001449
     37       0.005673   0.025939   0.024987   0.009434   0.032801  -0.028139
     38      -0.001446   0.002034   0.006758  -0.000805   0.000367  -0.001185
     39      -0.008708  -0.004063  -0.011115  -0.008842  -0.006619   0.009915
     40       0.010779  -0.023267   0.027850   0.006270  -0.059729  -0.030229
     41      -0.000362   0.000039   0.000032  -0.000320   0.000111  -0.000133
     42       0.000072   0.000154   0.000238   0.000010  -0.000071   0.000084
     43       0.054800   0.060302  -0.015823  -0.070058  -0.103409  -0.011147
     44      -0.016640   0.033545   0.052077  -0.099549   0.052018   0.151697
     45       0.061121   0.035157  -0.019835  -0.105711   0.025001  -0.022877
     46      -0.000134  -0.000095   0.000035   0.000115  -0.000026  -0.000010
     47      -0.000111  -0.000044  -0.000089   0.000481   0.000050   0.000014
     48       0.003401  -0.016986   0.005798  -0.003005  -0.010253  -0.006871
     49      -0.000073  -0.000139  -0.000157  -0.000465   0.000033   0.000144
     50      -0.009572   0.025282  -0.003160   0.004000   0.134630  -0.028294
     51       0.000052   0.000092  -0.000129  -0.000225   0.000101   0.000128
     52       0.016357   0.005311  -0.022770   0.001421   0.006810   0.016249
     53       0.014519   0.033046   0.017824  -0.084130  -0.001366  -0.019253
                  6          7          8          9         10         11    
      0      -0.030944  -0.013696   0.125336  -0.020394   0.325887  -0.622574
      1       0.003955  -0.074958   0.107935  -0.037631   0.238144   0.646661
      2      -0.061667   0.003994   0.035273  -0.051228  -0.669050   0.134599
      3      -0.001225   0.009429  -0.002334   0.023595   0.015193   0.043192
      4       0.062965  -0.030989  -0.082098  -0.087421  -0.029706   0.050782
      5       0.340458   0.297529  -0.782635  -0.081340   0.169406   0.052414
      6      -0.044376  -0.037343  -0.044112  -0.042303  -0.010912  -0.061637
      7       0.000340   0.004258   0.002018  -0.001166   0.001588   0.006793
      8       0.088308  -0.090699  -0.052153  -0.127410  -0.068722  -0.064940
      9      -0.000058  -0.000267   0.000162  -0.001110  -0.000510  -0.000168
     10      -0.015071  -0.023007   0.020239   0.543652   0.078394   0.037967
     11      -0.769083   0.005938  -0.260000  -0.131847   0.033417   0.008639
     12       0.004678  -0.047569   0.313057  -0.327992   0.495988   0.189169
     13       0.000081  -0.000299  -0.000211   0.000429  -0.000036   0.000042
     14       0.000974  -0.000116  -0.000457   0.003339   0.001700   0.000458
     15       0.038185   0.016808  -0.051243  -0.058770  -0.035903  -0.002936
     16      -0.133904   0.017416  -0.037613  -0.020550  -0.012249   0.027040
     17       0.016823   0.005427   0.002721   0.002248  -0.009637  -0.002394
     18      -0.053297   0.020819  -0.222707  -0.018043   0.180790   0.061917
     19       0.000020  -0.000380   0.000307  -0.000921  -0.000126  -0.000107
     20       0.192966   0.020076   0.045941  -0.328019  -0.053350  -0.021147
     21      -0.015397  -0.003099  -0.008109   0.012360   0.004445   0.003197
     22      -0.012026   0.006861   0.000541  -0.035122  -0.031556   0.021577
     23      -0.098702  -0.071567  -0.135555   0.061830   0.009621  -0.028595
     24       0.006173  -0.005977  -0.030402  -0.039841  -0.046972  -0.088504
     25       0.020041   0.049752   0.008875   0.012328   0.002232   0.002821
     26      -0.001559  -0.000852   0.000686  -0.006121  -0.002844  -0.000862
     27       0.008005   0.006640  -0.026990  -0.009727   0.022066   0.006224
     28      -0.004123   0.001714  -0.034883   0.311967   0.055025   0.036534
     29      -0.019902   0.010103  -0.038471   0.001499   0.131948  -0.029130
     30      -0.026110  -0.018998   0.034002  -0.034389  -0.090206  -0.007030
     31       0.368964   0.084206   0.173505   0.011511  -0.080561  -0.047612
     32       0.004951   0.002436   0.000010  -0.014268  -0.015851  -0.002455
     33       0.000382  -0.000121  -0.000086   0.000820   0.000319   0.000162
     34       0.006069  -0.025555   0.026483   0.043524   0.063863  -0.063473
     35       0.059385   0.010645  -0.037361   0.033055  -0.041323  -0.028765
     36       0.002981  -0.024101  -0.006852  -0.000520  -0.004352  -0.003572
     37      -0.133906  -0.046432  -0.059017   0.138785   0.074787   0.032146
     38       0.001768   0.004084  -0.001823  -0.005617   0.034258  -0.003065
     39       0.084967   0.118637   0.052058   0.008741   0.019434   0.050605
     40      -0.024532   0.164414   0.035352  -0.002871   0.029244   0.132477
     41       0.000457   0.000066  -0.000732   0.001684   0.000619   0.000102
     42       0.000195   0.000073   0.000352   0.000474   0.001153   0.000072
     43       0.082609  -0.218229  -0.019738   0.278190   0.049651  -0.110271
     44      -0.137930   0.854425   0.225106   0.037678  -0.003438  -0.065015
     45       0.049169   0.165757   0.087367   0.307696   0.037652   0.172867
     46       0.000085   0.000122  -0.000071  -0.000013   0.000054  -0.000030
     47      -0.000028  -0.000225   0.000105  -0.000843  -0.000214  -0.000075
     48      -0.074293   0.143395   0.029173  -0.001655   0.000616   0.079377
     49       0.000594   0.000238  -0.000175   0.002630   0.000712   0.000498
     50      -0.012021   0.042542   0.026046   0.000222  -0.008411  -0.140754
     51       0.000345  -0.000133   0.000100   0.001256   0.000609   0.000314
     52       0.051312  -0.056591  -0.028348   0.002840  -0.015501   0.059200
     53      -0.017779  -0.006829  -0.030720   0.358564   0.085578   0.054248
                 12         13         14         15         16         17    
      0      -0.022926   0.051140  -0.117837  -0.108649   0.631474   0.129177
      1      -0.283270   0.005330   0.270884  -0.080856   0.536588  -0.068355
      2       0.499944  -0.054635  -0.122012  -0.072829   0.447322  -0.023919
      3       0.023132  -0.026009   0.060219  -0.087056   0.003219   0.020773
      4      -0.020420   0.082321  -0.004241   0.081693   0.020326  -0.041382
      5       0.176207  -0.020291  -0.010239  -0.040370   0.128507   0.006803
      6      -0.004724  -0.451047   0.207343   0.059032   0.049650  -0.245559
      7      -0.009488   0.022671  -0.053135  -0.000558   0.009569  -0.219479
      8      -0.114520   0.014717   0.013758   0.203958   0.064093  -0.001952
      9      -0.000296   0.000128   0.000457   0.000775   0.000796   0.000211
     10       0.110149  -0.051868  -0.022773   0.419489   0.075612  -0.001437
     11      -0.061844  -0.156265  -0.052847   0.078859   0.018242   0.005553
     12       0.625884  -0.129491  -0.149004   0.117727  -0.096357   0.011532
     13       0.000259  -0.000371   0.000625   0.000003  -0.000709  -0.000118
     14       0.001035  -0.001680  -0.000134  -0.002935  -0.000764  -0.001635
     15      -0.018487  -0.025770   0.007907  -0.193903   0.148996   0.051356
     16       0.022171   0.130485  -0.017787   0.017181   0.014916   0.026163
     17      -0.013673  -0.052768  -0.016611   0.024695  -0.001924  -0.004192
     18       0.179837  -0.088314  -0.074124  -0.035942  -0.006923   0.011642
     19      -0.000272  -0.000003   0.000714  -0.000239  -0.000082   0.000009
     20      -0.175209  -0.270638  -0.079427   0.214528   0.014949  -0.015366
     21       0.018357   0.036286   0.010955   0.006345   0.008150   0.002850
     22      -0.013442  -0.009788   0.065648   0.094186  -0.014075   0.060127
     23       0.036607   0.061005  -0.035842  -0.008661   0.001884   0.020655
     24      -0.011708  -0.008269  -0.098149   0.094948   0.025227  -0.034912
     25      -0.004106   0.009249   0.040409  -0.000345  -0.007627  -0.076195
     26      -0.001573   0.002922   0.002544   0.005391   0.000902   0.002840
     27       0.027849   0.023073   0.008861   0.129937   0.012354   0.013357
     28       0.115929  -0.040687  -0.028680   0.319687   0.092604  -0.013293
     29      -0.075135   0.012890   0.029565   0.004699   0.045368  -0.296306
     30       0.022631  -0.137960  -0.046503  -0.040978   0.012559   0.024478
     31       0.066187   0.106862   0.081495   0.000003   0.012198  -0.013473
     32      -0.018980  -0.067338  -0.024613  -0.019671  -0.013954  -0.000770
     33       0.000290  -0.000895   0.000146  -0.000871   0.000116  -0.000662
     34      -0.003522   0.043762  -0.108362  -0.081261   0.008667  -0.067635
     35      -0.024737   0.026528   0.043358   0.567983   0.146575  -0.013451
     36       0.019834  -0.028047   0.090796  -0.000892  -0.004821   0.050812
     37       0.171573   0.466701   0.165057   0.025097   0.018756   0.011438
     38      -0.012639   0.097478   0.034588   0.014501  -0.028779  -0.054641
     39      -0.083031  -0.071968  -0.118369   0.006177  -0.059858  -0.151560
     40      -0.146767   0.258737  -0.581910   0.008569   0.042149  -0.167737
     41       0.000430  -0.000109   0.000249   0.001013   0.000582  -0.000495
     42      -0.000047   0.000312  -0.000303  -0.002106  -0.000666  -0.000461
     43       0.069335  -0.360809   0.185161  -0.176195   0.011235  -0.110304
     44       0.013343  -0.120653   0.252769   0.025967   0.002459   0.090203
     45      -0.114662  -0.162718  -0.345288  -0.141496   0.033473   0.072987
     46      -0.000123   0.000147  -0.000061   0.000482   0.000465  -0.000066
     47      -0.000209   0.000228   0.000733   0.000818   0.000814   0.000204
     48      -0.012960   0.038791  -0.060806  -0.017336   0.043544  -0.203075
     49       0.001017  -0.002174  -0.001386  -0.003091   0.000005  -0.001273
     50       0.047858   0.009394  -0.057833  -0.015796   0.018181  -0.766907
     51       0.000586  -0.001203  -0.000193  -0.002748  -0.000496  -0.001004
     52      -0.166186  -0.320501  -0.384722   0.095057   0.043879   0.216617
     53       0.133877  -0.126156  -0.080990  -0.320621  -0.076163   0.002556
                 18         19         20         21         22         23    
      0      -0.037488   0.020412  -0.122080   0.029282   0.025800   0.031730
      1      -0.120796  -0.039592   0.108821   0.019640  -0.001757  -0.033319
      2       0.132547  -0.112130  -0.021329   0.020391   0.040548  -0.017681
      3       0.046438   0.035792  -0.334628   0.008268   0.083368   0.050962
      4      -0.048765   0.017645  -0.001866   0.001116  -0.005992  -0.009572
      5      -0.039002  -0.001396   0.003703  -0.003014   0.020917  -0.000788
      6       0.091808   0.145726  -0.062333   0.040055  -0.224215   0.582002
      7      -0.001053   0.031878  -0.010521   0.006978   0.026431   0.215496
      8       0.005551  -0.016515  -0.037199   0.002892   0.017744   0.009277
      9      -0.000201   0.000703   0.001772   0.000037  -0.000310   0.000002
     10      -0.028992   0.000382   0.013995   0.008408   0.009671  -0.070201
     11      -0.002350  -0.160513  -0.021056  -0.002710   0.035108  -0.062177
     12       0.003560   0.000787   0.008849   0.005389  -0.007599  -0.019495
     13      -0.000137  -0.000377   0.002215  -0.000092  -0.000557  -0.000351
     14       0.000116  -0.008694  -0.000139  -0.000260   0.001821  -0.001470
     15      -0.010365   0.045578   0.028154   0.079117  -0.173144  -0.132921
     16       0.065815   0.616491   0.149168   0.608622   0.180018  -0.050151
     17      -0.037542  -0.013252  -0.018128   0.002424   0.000562   0.001978
     18      -0.015574  -0.021682  -0.003340  -0.003329   0.003579  -0.002539
     19      -0.000327  -0.000273   0.001708   0.000032  -0.000403  -0.000246
     20       0.098405  -0.036226  -0.008868  -0.008526  -0.078256   0.030864
     21       0.005059   0.052744   0.017145  -0.003742   0.008172   0.018673
     22      -0.006567   0.235911  -0.204191   0.016028  -0.011680   0.055810
     23      -0.094436  -0.001365  -0.038624   0.006993   0.003351   0.038650
     24      -0.042792   0.012339   0.280945  -0.059972  -0.204927  -0.097842
     25      -0.025149   0.010516   0.028417   0.007775  -0.062326  -0.067944
     26      -0.001173   0.014275   0.006211   0.000449  -0.004489   0.001704
     27       0.057677   0.046286   0.054961   0.000909  -0.006351  -0.029409
     28      -0.052827   0.010625  -0.004080   0.006179   0.175521   0.052688
     29       0.823042  -0.006247   0.141318  -0.017617   0.199994  -0.145847
     30      -0.147785   0.139804   0.079738   0.048820  -0.008489   0.099505
     31       0.075544   0.065013   0.036150   0.002686  -0.003466   0.028176
     32      -0.202059  -0.047697  -0.018728   0.002168   0.224411  -0.044633
     33       0.000143  -0.003040   0.000039  -0.000086   0.000767  -0.000482
     34       0.027191  -0.228487   0.161028  -0.014904   0.078408  -0.039689
     35      -0.030504  -0.052895  -0.040553   0.006360   0.053665  -0.012674
     36       0.013885   0.022826  -0.065604  -0.009084   0.004620   0.027505
     37       0.165579  -0.022108  -0.075364   0.031057  -0.670997   0.128416
     38       0.114471  -0.300863  -0.103404  -0.016918   0.064722  -0.044649
     39       0.010284  -0.328326  -0.515488   0.617746  -0.108075  -0.107600
     40      -0.003626  -0.025641   0.098161  -0.047044   0.052606   0.521684
     41       0.000073  -0.003079   0.000113  -0.000043   0.000642  -0.000641
     42      -0.000140  -0.003331  -0.001802   0.000025   0.000773  -0.000488
     43       0.036091  -0.054477   0.039158   0.003658  -0.011320   0.051422
     44      -0.001048  -0.043990   0.161704  -0.003755  -0.065842  -0.004249
     45       0.065805  -0.002965  -0.073102  -0.009931  -0.045997  -0.016949
     46       0.000076  -0.000443  -0.000881   0.000042   0.000315  -0.000006
     47      -0.000275   0.000928   0.000585   0.000140  -0.000221   0.000110
     48       0.032838   0.416873  -0.536231  -0.474979   0.028309  -0.191046
     49       0.000673  -0.005553  -0.001758  -0.000305   0.002162  -0.000447
     50      -0.324880   0.051633   0.149727   0.033307  -0.153678  -0.299720
     51       0.000217  -0.004161  -0.000425  -0.000209   0.001270  -0.000480
     52       0.130329   0.154246   0.087967  -0.023922  -0.438210  -0.296830
     53       0.013941   0.062612   0.051083   0.013037   0.026585   0.021435
                 24         25         26         27         28         29    
      0      -0.048834  -0.094290   0.018973  -0.020211  -0.044356   0.035014
      1      -0.058492  -0.072651  -0.013956   0.025678  -0.040297   0.034424
      2      -0.037395  -0.087054  -0.007711   0.013719  -0.018888   0.009807
      3       0.012051   0.227808   0.051282  -0.076227  -0.051198  -0.214199
      4      -0.023964   0.063971  -0.020129  -0.047659   0.011930   0.017281
      5      -0.054297  -0.055925   0.012798  -0.001633   0.000880  -0.046201
      6       0.041307  -0.008648  -0.243296  -0.308848  -0.077599  -0.030220
      7       0.052088  -0.001288  -0.008657   0.040606   0.002670   0.002521
      8      -0.003954   0.131173   0.036873   0.014839   0.033363   0.056815
      9      -0.000449   0.001268   0.000362   0.001192  -0.000945   0.001453
     10       0.306307  -0.142016   0.033451   0.037532  -0.324364  -0.363224
     11       0.022096   0.031616   0.062456   0.021208   0.011953   0.020534
     12       0.065163   0.037921  -0.015538  -0.010439   0.087831   0.005211
     13       0.000068  -0.001899  -0.000168   0.001719   0.001246  -0.000321
     14      -0.000694   0.003081  -0.002330   0.001964   0.000773  -0.006009
     15       0.681988   0.519570  -0.016331   0.011055   0.007120  -0.050854
     16      -0.040288   0.010294   0.099250   0.022938   0.074761  -0.014687
     17      -0.031709  -0.027238  -0.085437  -0.014997  -0.003586   0.004146
     18      -0.029383  -0.037519   0.027979   0.015921   0.036400  -0.073346
     19      -0.000180  -0.000376  -0.001039   0.001245  -0.000489   0.001798
     20       0.011639   0.062969   0.611911   0.126812  -0.324523   0.118774
     21      -0.045902   0.045068   0.055488   0.008165   0.011232  -0.079273
     22       0.057839  -0.275945  -0.008146  -0.079672   0.048946   0.236676
     23       0.024215  -0.005144  -0.039736   0.012702   0.020565  -0.013553
     24       0.244518  -0.303747   0.158053  -0.258248   0.144140   0.160277
     25      -0.024711  -0.002167   0.014873  -0.066720  -0.035379   0.012509
     26       0.000671  -0.007039   0.001551   0.000981  -0.001122   0.011408
     27       0.157382  -0.228816   0.073310   0.028995  -0.178837  -0.165813
     28      -0.272974   0.196129   0.065688   0.008591  -0.121472   0.238943
     29       0.009028   0.024676  -0.037551  -0.025383   0.006929  -0.020858
     30      -0.261399   0.244057   0.320711   0.042213  -0.041107  -0.248001
     31      -0.034839   0.016065  -0.102611  -0.006486  -0.009182  -0.012549
     32       0.074260  -0.023215  -0.065346  -0.016601  -0.007215  -0.006787
     33      -0.000357   0.002112  -0.000189   0.000999  -0.000087  -0.001596
     34      -0.260298   0.327961  -0.093813  -0.275690  -0.161103  -0.200384
     35       0.047291   0.340200  -0.102393  -0.042435   0.430984   0.253442
     36       0.010466  -0.002742   0.033517  -0.130647  -0.006771  -0.001572
     37      -0.156653   0.095426   0.211043   0.041360   0.016577   0.013140
     38       0.060510  -0.117723   0.152023   0.024317   0.044467   0.152981
     39      -0.001850  -0.081989  -0.085154   0.054954  -0.047483   0.022751
     40       0.131105   0.004982  -0.061317   0.317772   0.039724  -0.009465
     41       0.000072   0.001311  -0.000843   0.000754   0.000205  -0.001990
     42       0.000161   0.000357  -0.002801  -0.000953  -0.000609  -0.000374
     43      -0.010241  -0.038642   0.161822   0.537229   0.441861  -0.078447
     44      -0.034610   0.031330  -0.034329   0.143995   0.021205   0.007443
     45      -0.028562  -0.038184   0.327451  -0.486421   0.410243  -0.096561
     46       0.000097   0.000731  -0.000173  -0.000536  -0.000489   0.000363
     47      -0.000237   0.001127  -0.000654   0.000320  -0.001276   0.001167
     48      -0.003627   0.044626   0.027829   0.090360  -0.004998  -0.015430
     49      -0.001297   0.005999   0.001796   0.000615   0.000328  -0.007189
     50      -0.070544   0.004867   0.020091  -0.036966  -0.006524   0.010912
     51      -0.000864   0.003090   0.000455   0.001107   0.000287  -0.003782
     52      -0.220715   0.017251  -0.377387   0.190108  -0.056975   0.004532
     53       0.072225   0.146400   0.041278  -0.005622  -0.319460   0.640746
                 30         31         32         33         34         35    
      0       0.053147   0.000980   0.034008  -0.012065   0.001314   0.001775
      1      -0.040957  -0.043426   0.029556   0.001371   0.012589  -0.022931
      2      -0.017246   0.052447   0.031868   0.001356  -0.005666   0.022367
      3       0.160750   0.126770   0.004871  -0.155704  -0.065302  -0.336362
      4       0.009326   0.003531   0.033054   0.011512   0.004642  -0.012131
      5      -0.003120  -0.008612   0.037954  -0.002036   0.010087  -0.003318
      6      -0.039998   0.041503  -0.021954   0.178417  -0.124499  -0.092489
      7      -0.119002  -0.030639   0.000795  -0.917393   0.059820   0.056704
      8      -0.003802   0.000627   0.070974   0.003523   0.001145   0.019054
      9      -0.000810  -0.003072   0.000549   0.000556   0.001281   0.001337
     10      -0.002359   0.010617   0.236655   0.004565   0.032131  -0.022291
     11       0.013265   0.017846   0.018669  -0.016729   0.041484   0.046942
     12       0.003094  -0.004155   0.009886  -0.002937   0.000522  -0.000968
     13      -0.003866  -0.001353  -0.002064   0.000784   0.000134   0.001777
     14      -0.008783   0.009289   0.007708   0.000878  -0.008771  -0.001332
     15       0.038206  -0.007323  -0.244143  -0.004155   0.011353   0.008571
     16      -0.228533   0.201473   0.047591   0.034740  -0.110739  -0.113620
     17      -0.054229   0.153491   0.248264   0.010474  -0.011843   0.189159
     18       0.002293   0.009058   0.027691  -0.005442   0.008005   0.008538
     19      -0.002710  -0.001616  -0.000552   0.000835   0.000382   0.004028
     20      -0.081682   0.240291   0.059224   0.005706  -0.035751   0.153882
     21       0.067793  -0.210241   0.220358  -0.015095   0.046451  -0.076554
     22       0.172908  -0.017263  -0.003589  -0.106110   0.118907   0.078985
     23      -0.017224   0.019012  -0.003153   0.004788   0.020185  -0.018512
     24      -0.375943  -0.419642  -0.131571  -0.009383  -0.019531  -0.146967
     25       0.066865   0.032053   0.000075   0.002677  -0.006676  -0.003809
     26       0.006283  -0.023526  -0.015528   0.001096   0.016182   0.012896
     27      -0.005721   0.030845  -0.135013  -0.000716  -0.032158   0.031732
     28       0.031702  -0.035770  -0.695991  -0.000431  -0.020386  -0.020082
     29       0.178663  -0.206737  -0.000930   0.013186  -0.054805   0.106013
     30       0.206669  -0.599136   0.138534   0.003663   0.005314  -0.181472
     31       0.001867  -0.034207   0.011195   0.008020  -0.038731  -0.029450
     32       0.031255  -0.140104   0.024127  -0.060178  -0.876195   0.270245
     33      -0.004013   0.003373   0.002352   0.000137  -0.003101  -0.001929
     34      -0.564713   0.099842   0.075547   0.002392   0.030102   0.058242
     35      -0.005361  -0.031943   0.320653   0.005987   0.018416   0.007329
     36      -0.213611  -0.063186  -0.005747  -0.006685   0.032319  -0.131403
     37      -0.003631   0.024746   0.020385  -0.015321  -0.245584   0.160641
     38      -0.054808   0.162316   0.054556  -0.021734  -0.276485  -0.723583
     39      -0.124859  -0.279648  -0.044901   0.061487   0.086221   0.104537
     40      -0.013271  -0.010599  -0.004255   0.195390  -0.010622  -0.054721
     41      -0.002948   0.002164   0.001972   0.000393  -0.003425  -0.000360
     42      -0.000213   0.004406   0.001006   0.000213  -0.003659   0.002944
     43      -0.224358   0.057271  -0.038700   0.036760  -0.002316   0.049609
     44      -0.045546   0.010571   0.009512  -0.048947  -0.017336  -0.027853
     45       0.149043   0.190073  -0.018307  -0.023820  -0.019415   0.115761
     46       0.000592   0.001081   0.001417  -0.000245  -0.000731  -0.000555
     47      -0.000655  -0.002673   0.000056   0.000232   0.001192   0.003188
     48      -0.345806  -0.106789   0.000688   0.112560  -0.030223   0.022453
     49      -0.003119   0.008787   0.008989  -0.000755  -0.006017  -0.010626
     50       0.231637   0.164492   0.007622   0.045565   0.018047  -0.063473
     51      -0.004217   0.004025   0.005968  -0.000157  -0.004223  -0.005179
     52       0.036686   0.044811  -0.009733  -0.151251  -0.140045  -0.197986
     53      -0.001625  -0.079445   0.315796   0.011731   0.018045  -0.007283
                 36         37         38         39         40         41    
      0       0.030629  -0.001364  -0.013515  -0.021389   0.004761   0.011425
      1      -0.027338  -0.000441  -0.014199   0.012394  -0.021341   0.008899
      2      -0.014416  -0.008200  -0.002582   0.011833   0.019346   0.012336
      3      -0.492642  -0.101775  -0.441890   0.149291  -0.221930   0.033434
      4       0.010531   0.019031  -0.001678  -0.002898   0.000415   0.013544
      5       0.001708  -0.028533   0.025402   0.000306  -0.004572   0.018291
      6       0.159435   0.009688   0.012113   0.047778   0.015434  -0.004086
      7       0.167134   0.004583   0.013678  -0.052809   0.014616   0.004093
      8      -0.003691   0.031852  -0.015895  -0.000061  -0.000093   0.026758
      9       0.004333  -0.002018  -0.052130   0.119950  -0.025941   0.043128
     10       0.007504  -0.209903   0.121469   0.001758   0.001079   0.089405
     11      -0.025552   0.005588  -0.007868  -0.003307   0.007741   0.006949
     12      -0.000755  -0.014456   0.011811  -0.001421  -0.001043  -0.000785
     13       0.006452   0.001268   0.022282   0.148972  -0.067139  -0.033411
     14       0.009606   0.002875   0.170297   0.098449  -0.210778  -0.061233
     15       0.015151   0.035701   0.191872  -0.008233   0.014891  -0.134663
     16       0.072767  -0.044958  -0.007008   0.008539  -0.013784   0.009359
     17      -0.061023  -0.045408  -0.022031  -0.306943  -0.440839  -0.656573
     18      -0.006202  -0.011761   0.038172  -0.000939   0.003154   0.016718
     19       0.004441  -0.000712  -0.027529   0.076581  -0.124570  -0.099218
     20      -0.044028  -0.120506  -0.013750   0.041457   0.064479   0.017451
     21       0.018412  -0.038840  -0.129471   0.333011   0.554953  -0.545981
     22      -0.532164   0.133554   0.507671   0.243219  -0.018646  -0.041541
     23       0.007262   0.006640   0.003318   0.006974   0.004837  -0.001203
     24      -0.158368  -0.186548  -0.213040   0.112585  -0.200748  -0.046686
     25       0.002393  -0.006554  -0.003907  -0.015586   0.015025  -0.001082
     26      -0.000586  -0.005949  -0.343121   0.147031   0.011744   0.008729
     27       0.002148   0.855523  -0.237206  -0.014377  -0.019300  -0.075342
     28       0.003277  -0.057693   0.001987  -0.013185  -0.006675  -0.212213
     29      -0.080031  -0.050155   0.030998  -0.055252  -0.038268  -0.005058
     30       0.045194   0.159385   0.207440  -0.123386  -0.208291   0.033805
     31       0.002445   0.007997   0.008502  -0.001568  -0.010775   0.006041
     32      -0.108783  -0.014797   0.018186   0.021312   0.079981   0.026344
     33       0.004155   0.000308   0.051527   0.077157  -0.038155   0.046795
     34      -0.227221   0.178526   0.217853   0.237171  -0.013680   0.020699
     35       0.000047   0.180490  -0.097615  -0.000799  -0.012996   0.111942
     36      -0.370340   0.007981   0.004330  -0.682015   0.430809   0.024675
     37      -0.045430   0.000354   0.007742  -0.009942  -0.016183   0.005247
     38       0.194701   0.090209   0.263799  -0.003574  -0.035039  -0.125049
     39       0.044467   0.021839  -0.028773   0.007076   0.005466  -0.004925
     40      -0.188504  -0.003675  -0.000196  -0.031674   0.013753   0.000097
     41       0.003707   0.000733   0.069186   0.031573  -0.116483   0.268470
     42      -0.002593   0.001130   0.055760  -0.177606  -0.173731  -0.151433
     43      -0.151421   0.065176   0.005140   0.065488   0.000767  -0.010375
     44      -0.064741   0.008691  -0.001533   0.016633   0.000384   0.003899
     45       0.113199   0.075695   0.010853  -0.028094   0.062997  -0.002048
     46      -0.001997  -0.000251   0.006124  -0.059634  -0.005175   0.072568
     47       0.000230  -0.002228  -0.059984   0.001649  -0.081840   0.062246
     48       0.184747   0.018690   0.022613   0.009196  -0.022107   0.000314
     49       0.004078   0.000923   0.115079   0.122295   0.178242  -0.025551
     50      -0.129845   0.027991  -0.004198  -0.042176   0.058720   0.008230
     51       0.004991   0.001163   0.082803   0.114040   0.050548  -0.162161
     52      -0.059492   0.024720   0.004939  -0.010442   0.047796   0.000739
     53      -0.005538   0.142378  -0.124139   0.001046  -0.020508   0.072920
                 42         43         44         45         46         47    
      0       0.006475  -0.008942   0.002133  -0.004644   0.003621   0.003767
      1       0.006805   0.004936  -0.009053  -0.003524   0.003758  -0.002026
      2       0.001076   0.005105   0.007906  -0.005120   0.000814  -0.002202
      3       0.165493   0.045546  -0.073459  -0.012613   0.082775  -0.017727
      4       0.000952  -0.001097   0.000093  -0.005457   0.000383   0.000448
      5      -0.012120   0.000065  -0.001930  -0.007609  -0.006106  -0.000014
      6      -0.004887   0.019600   0.005706   0.001325  -0.002354  -0.008060
      7      -0.007107  -0.017789   0.005166  -0.001457  -0.003359   0.006732
      8       0.007800  -0.000117   0.000028  -0.010878   0.003732   0.000053
      9       0.207476  -0.433213   0.196390   0.055968  -0.653118  -0.315906
     10      -0.053414   0.000585   0.000003  -0.036412  -0.026348  -0.000235
     11       0.003787  -0.001345   0.003085  -0.002808   0.001820   0.000533
     12      -0.006036  -0.000625  -0.000436   0.000676  -0.002894   0.000267
     13      -0.126506  -0.282926   0.207350  -0.016097  -0.058676   0.281899
     14       0.170906  -0.300690   0.435566  -0.213003   0.479453   0.033949
     15      -0.086260  -0.002984   0.005700   0.051216  -0.040242   0.001210
     16       0.002245   0.005032  -0.004154  -0.003903   0.001051  -0.002385
     17      -0.084644  -0.122956  -0.168295   0.256636  -0.029614   0.049187
     18      -0.018617  -0.000434   0.001258  -0.006873  -0.009226   0.000177
     19       0.069079  -0.127365   0.411026  -0.259987   0.004323   0.188637
     20       0.012350   0.017446   0.025639  -0.007514   0.006937  -0.007449
     21       0.075589   0.144251   0.223035   0.208315   0.039537  -0.057365
     22      -0.183253   0.078190  -0.006420   0.014350  -0.091959  -0.031122
     23      -0.002243   0.002980   0.002047   0.000488  -0.001181  -0.001254
     24       0.097770   0.040541  -0.076588   0.018216   0.046112  -0.016007
     25       0.002214  -0.006389   0.006384   0.000415   0.001174   0.002645
     26      -0.707136  -0.310879   0.019363  -0.031897  -0.045994  -0.062866
     27       0.091232  -0.005243  -0.006399   0.029893   0.042824   0.002112
     28       0.000482  -0.005001  -0.002202   0.080283   0.000592   0.002051
     29      -0.013128  -0.023163  -0.015190   0.001881  -0.006156   0.009581
     30      -0.095134  -0.048882  -0.077728  -0.013012  -0.045080   0.020364
     31      -0.004039  -0.000579  -0.004277  -0.002524  -0.002040   0.000248
     32      -0.011457   0.007637   0.027231  -0.010218  -0.005117  -0.003037
     33       0.207333  -0.024826   0.085238   0.358134   0.013325   0.497161
     34      -0.099729   0.089024  -0.007418  -0.008362  -0.047123  -0.036077
     35       0.042981  -0.000307  -0.005089  -0.044622   0.021092   0.000135
     36      -0.003335  -0.252552   0.167876  -0.009455  -0.001695   0.098785
     37      -0.004456  -0.004847  -0.007584  -0.002224  -0.002172   0.002059
     38      -0.148587   0.000551  -0.009003   0.047501  -0.068548  -0.000399
     39       0.013684   0.003050  -0.000181   0.002299   0.006454  -0.001264
     40      -0.000112  -0.013589   0.006604  -0.000085  -0.000087   0.005556
     41       0.092454  -0.197649   0.123136   0.670856   0.135781  -0.256521
     42       0.186462   0.260435   0.296396  -0.158444  -0.134350  -0.470641
     43      -0.008069   0.027381  -0.000335   0.004433  -0.004754  -0.011549
     44       0.000531   0.006685   0.000108  -0.001613   0.000208  -0.002785
     45      -0.010745  -0.010805   0.026517   0.000951  -0.006096   0.004373
     46       0.132021   0.182132  -0.046275   0.053044  -0.084720   0.066896
     47       0.060467   0.186549   0.150975   0.087101  -0.463834   0.452929
     48      -0.010728   0.005900  -0.009796  -0.000044  -0.005099  -0.002741
     49       0.254704  -0.388908  -0.367439   0.089253   0.141686  -0.064912
     50       0.001649  -0.017342   0.024617  -0.003233   0.000763   0.006946
     51       0.291769  -0.281185  -0.401812  -0.365711  -0.156037   0.111563
     52      -0.002396  -0.003280   0.019760  -0.000673  -0.001118   0.001199
     53       0.053022   0.000128  -0.007685  -0.027019   0.026642   0.000002
                 48         49         50         51         52         53    
      0       0.000948   0.001942  -0.001911   0.001235  -0.000532  -0.000372
      1      -0.003849   0.001465  -0.001980   0.001259  -0.000556  -0.000380
      2       0.003296   0.002142  -0.000443   0.000385  -0.000096  -0.000114
      3      -0.029364   0.005077  -0.041917   0.027075  -0.011274  -0.008093
      4       0.000029   0.002257  -0.000202   0.000026  -0.000088  -0.000011
      5      -0.000807   0.003180   0.003175  -0.001745   0.000966   0.000532
      6       0.002223  -0.000540   0.001208  -0.000668   0.000363   0.000203
      7       0.001998   0.000573   0.001695  -0.000932   0.000504   0.000282
      8       0.000030   0.004518  -0.001937   0.000935  -0.000627  -0.000289
      9      -0.248729  -0.142938   0.003643   0.086058   0.201214   0.226553
     10      -0.000027   0.015093   0.013644  -0.007432   0.004163   0.002264
     11       0.001290   0.001168  -0.000939   0.000476  -0.000296  -0.000146
     12      -0.000179  -0.000337   0.001500  -0.000720   0.000486   0.000222
     13      -0.024001   0.207132  -0.555340   0.367376   0.036663  -0.511075
     14       0.143736  -0.277173  -0.238321  -0.240065   0.124125   0.315435
     15       0.002277  -0.020686   0.020433  -0.010694   0.006272   0.003254
     16      -0.001478   0.001644  -0.000542   0.000275  -0.000172  -0.000084
     17      -0.065176  -0.100368   0.014527   0.000681   0.006832  -0.000022
     18       0.000528   0.002844   0.004776  -0.002587   0.001460   0.000788
     19      -0.182085   0.008232   0.674688  -0.024959  -0.207027  -0.378040
     20       0.010612   0.003154  -0.003733   0.002067  -0.001156  -0.000634
     21       0.086039  -0.081399  -0.019703   0.013395  -0.004840  -0.004010
     22      -0.003034  -0.005807   0.046693  -0.030237   0.012588   0.009041
     23       0.000845  -0.000203   0.000625  -0.000333   0.000195   0.000102
     24      -0.031317  -0.007481  -0.023508   0.012359  -0.007222  -0.003762
     25       0.002701  -0.000169  -0.000616   0.000360  -0.000182  -0.000109
     26       0.265508   0.160366   0.112060  -0.344108   0.158165   0.047275
     27      -0.002482  -0.011966  -0.021653   0.011882  -0.006465  -0.003595
     28      -0.000867  -0.032814  -0.000356   0.000334  -0.000081  -0.000099
     29      -0.006104  -0.000741   0.003135  -0.001643   0.000964   0.000500
     30      -0.031323   0.005436   0.023012  -0.012171   0.007056   0.003704
     31      -0.001767   0.001051   0.001053  -0.000611   0.000309   0.000185
     32       0.010454   0.004059   0.002570  -0.001161   0.000837   0.000357
     33       0.011631   0.535993   0.197993  -0.006896   0.373260   0.308530
     34      -0.003546   0.003495   0.024046  -0.012655   0.007388   0.003853
     35      -0.002077   0.018453  -0.010896   0.005943  -0.003313  -0.001809
     36       0.067629   0.003704   0.000817  -0.000417   0.000207   0.000126
     37      -0.003123   0.000935   0.001121  -0.000570   0.000353   0.000175
     38      -0.003290  -0.018612   0.034367  -0.017860   0.010449   0.005422
     39      -0.000537  -0.001007  -0.003282   0.001742  -0.001001  -0.000529
     40       0.002813   0.000033   0.000050  -0.000035   0.000014   0.000011
     41       0.413418  -0.102958   0.152701   0.093455  -0.233405  -0.208324
     42       0.241629   0.558770  -0.128278  -0.227353   0.023893  -0.133130
     43      -0.000314  -0.001868   0.002592  -0.001435   0.000809   0.000441
     44       0.000002   0.000668  -0.000104   0.000032  -0.000038  -0.000010
     45       0.011233  -0.000413   0.003288  -0.001821   0.001019   0.000559
     46       0.119812  -0.356002   0.039145  -0.283836   0.688835  -0.475617
     47       0.196638  -0.178722  -0.220347  -0.442815  -0.422096   0.057086
     48      -0.004221   0.000016   0.002594  -0.001406   0.000783   0.000426
     49      -0.324085   0.212051  -0.098350  -0.558863  -0.163495  -0.238256
     50       0.010146   0.001283  -0.000389   0.000192  -0.000123  -0.000059
     51       0.637191   0.025452   0.139322   0.168714  -0.019119   0.001151
     52       0.008128   0.000285   0.000571  -0.000283   0.000181   0.000087
     53      -0.003124   0.011046  -0.013846   0.007993  -0.004100  -0.002424
Local Eigenvalues (eV)
	  0      13.078117
	  1      14.876545
	  2      16.090323
	  3      17.817537
	  4      22.576966
	  5      24.449616
	  6      29.876797
	  7      31.117585
	  8      31.838984
	  9      32.505780
	 10      38.782378
	 11      39.795036
	 12      41.136185
	 13      42.783757
	 14      43.083409
	 15      46.768469
	 16      50.346070
	 17      59.357924
	 18      59.754301
	 19      60.096882
	 20      60.383447
	 21      60.862398
	 22      62.036591
	 23      62.391449
	 24      63.036237
	 25      64.799726
	 26      72.361166
	 27      74.042383
	 28      75.736687
	 29      89.833267
	 30     122.413780
	 31     122.726907
	 32     126.665064
	 33     211.262026
	 34     211.504295
	 35     215.124855
	 36     215.459950
	 37     217.973765
	 38     290.582799
	 39     489.958174
	 40     490.086338
	 41     492.645355
	 42     1060.147266
	 43     2101.793292
	 44     2101.890621
	 45     2103.790443
	 46     3813.395803
	 47     9088.623394
	 48     9088.696296
	 49     9090.123149
	 50     12473.706723
	 51     36393.430318
	 52     95048.550498
	 53     286657.802561

 Writing GBW file mol.loc
 .... all done ... leaving gracefully
